18:35:22.258 [main] INFO  testcases.TC_001_LoginTest - ******TC_001_LoginTest started**********
18:35:24.134 [main] INFO  testcases.TC_001_LoginTest - ******TC_001_LoginTest ended**********
22:03:14.524 [main] INFO  testcases.TC_001_LoginTest - ******TC_001_LoginTest started**********
22:03:17.179 [main] INFO  testcases.TC_001_LoginTest - ******TC_001_LoginTest ended**********
22:04:41.854 [main] INFO  testcases.TC_001_LoginTest - ******TC_001_LoginTest started**********
22:15:36.780 [main] INFO  testcases.TC_001_LoginTest - ******TC_001_LoginTest started**********
22:15:38.439 [main] INFO  testcases.TC_001_LoginTest - ******TC_001_LoginTest ended**********
22:16:50.391 [main] INFO  testcases.TC_001_LoginTest - ******TC_001_LoginTest started**********
22:16:54.071 [main] INFO  testcases.TC_001_LoginTest - ******TC_001_LoginTest ended**********
22:16:59.901 [main] INFO  testcases.TC_002_LogoutTest - ******TC_001_LogoutTest started**********
22:17:03.211 [main] INFO  testcases.TC_002_LogoutTest - ******TC_001_LogoutTest ended**********
22:18:22.923 [main] INFO  testcases.TC_001_LoginTest - ******TC_001_LoginTest started**********
22:18:25.354 [main] INFO  testcases.TC_001_LoginTest - ******TC_001_LoginTest ended**********
22:18:33.340 [main] INFO  testcases.TC_002_LogoutTest - ******TC_001_LogoutTest started**********
22:18:37.941 [main] INFO  testcases.TC_002_LogoutTest - ******TC_001_LogoutTest ended**********
23:33:41.474 [main] INFO  testcases.TC_001_LoginTest - ******TC_001_LoginTest started**********
23:33:43.028 [main] INFO  testcases.TC_001_LoginTest - ******TC_001_LoginTest ended**********
23:33:48.649 [main] INFO  testcases.TC_002_LogoutTest - ******TC_001_LogoutTest started**********
23:33:50.913 [main] INFO  testcases.TC_002_LogoutTest - ******TC_001_LogoutTest ended**********
23:47:17.641 [main] INFO  testcases.TC_001_LoginTest - ******TC_001_LoginTest started**********
23:47:18.899 [main] INFO  testcases.TC_001_LoginTest - ******TC_001_LoginTest ended**********
23:47:24.128 [main] INFO  testcases.TC_002_LogoutTest - ******TC_001_LogoutTest started**********
23:47:27.287 [main] INFO  testcases.TC_002_LogoutTest - ******TC_001_LogoutTest ended**********
23:47:33.552 [main] INFO  testcases.TC_003_NewCustomerTest - Guru99 Bank Manager HomePage
23:49:12.783 [main] INFO  testcases.TC_001_LoginTest - ******TC_001_LoginTest started**********
23:49:15.732 [main] INFO  testcases.TC_001_LoginTest - ******TC_001_LoginTest ended**********
23:49:20.556 [main] INFO  testcases.TC_002_LogoutTest - ******TC_001_LogoutTest started**********
23:49:22.309 [main] INFO  testcases.TC_002_LogoutTest - ******TC_001_LogoutTest ended**********
23:49:28.427 [main] INFO  testcases.TC_003_NewCustomerTest - Guru99 Bank New Customer Entry Page
23:50:24.537 [main] INFO  testcases.TC_003_NewCustomerTest - Guru99 Bank Manager HomePage
00:52:56.479 [main] INFO  testcases.TC_003_NewCustomerTest - ******TC_001_LogoutTest started**********
00:53:19.961 [main] INFO  testcases.TC_003_NewCustomerTest - ******TC_001_LogoutTest closed**********
00:53:44.650 [main] INFO  testcases.TC_003_NewCustomerTest - ******TC_001_LogoutTest started**********
00:54:11.530 [main] INFO  testcases.TC_003_NewCustomerTest - ******TC_001_LogoutTest started**********
00:54:34.807 [main] INFO  testcases.TC_003_NewCustomerTest - ******TC_001_LogoutTest closed**********
00:55:44.970 [main] INFO  testcases.TC_003_NewCustomerTest - ******TC_001_LogoutTest started**********
00:56:50.765 [main] INFO  testcases.TC_003_NewCustomerTest - ******TC_001_LogoutTest started**********
00:57:51.379 [main] INFO  testcases.TC_003_NewCustomerTest - ******TC_001_LogoutTest started**********
01:00:34.541 [main] INFO  testcases.TC_003_NewCustomerTest - ******TC_001_LogoutTest started**********
01:10:43.367 [main] INFO  testcases.TC_003_NewCustomerTest - ******TC_001_LogoutTest started**********
01:10:57.795 [main] INFO  testcases.TC_003_NewCustomerTest - ******TC_001_LogoutTest closed**********
01:12:15.052 [main] INFO  testcases.TC_003_NewCustomerTest - ******TC_001_LogoutTest started**********
01:13:37.642 [main] INFO  testcases.TC_003_NewCustomerTest - ******TC_001_LogoutTest started**********
01:13:59.103 [main] INFO  testcases.TC_003_NewCustomerTest - ******TC_001_LogoutTest closed**********
01:17:13.877 [main] INFO  testcases.TC_003_NewCustomerTest - ******TC_001_LogoutTest started**********
01:17:29.066 [main] INFO  testcases.TC_003_NewCustomerTest - ******TC_001_LogoutTest closed**********
01:26:11.009 [main] INFO  testcases.TC_003_NewCustomerTest - ******TC_001_LogoutTest started**********
01:26:39.992 [main] INFO  testcases.TC_003_NewCustomerTest - ******TC_001_LogoutTest started**********
01:27:05.032 [main] INFO  testcases.TC_003_NewCustomerTest - ******TC_001_LogoutTest closed**********
01:28:16.347 [main] INFO  testcases.TC_003_NewCustomerTest - ******TC_001_LogoutTest started**********
01:28:23.907 [main] INFO  testcases.TC_003_NewCustomerTest - ******TC_001_LogoutTest closed**********
01:28:51.242 [main] INFO  testcases.TC_001_LoginTest - ******TC_001_LoginTest started**********
01:28:53.000 [main] INFO  testcases.TC_001_LoginTest - ******TC_001_LoginTest ended**********
01:28:58.805 [main] INFO  testcases.TC_002_LogoutTest - ******TC_001_LogoutTest started**********
01:29:00.760 [main] INFO  testcases.TC_002_LogoutTest - ******TC_001_LogoutTest ended**********
01:29:06.567 [main] INFO  testcases.TC_003_NewCustomerTest - ******TC_001_LogoutTest started**********
01:29:12.627 [main] INFO  testcases.TC_003_NewCustomerTest - ******TC_001_LogoutTest closed**********
14:45:45.891 [main] INFO  testcases.TC_001_LoginTest - ******TC_001_LoginTest started**********
14:45:48.520 [main] INFO  testcases.TC_001_LoginTest - ******TC_001_LoginTest ended**********
14:45:56.640 [main] INFO  testcases.TC_002_LogoutTest - ******TC_001_LogoutTest started**********
14:45:58.958 [main] INFO  testcases.TC_002_LogoutTest - ******TC_001_LogoutTest ended**********
14:46:04.751 [main] INFO  testcases.TC_003_NewCustomerTest - ******TC_001_LogoutTest started**********
14:46:11.250 [main] INFO  testcases.TC_003_NewCustomerTest - ******TC_001_LogoutTest closed**********
21:06:29.186 [main] INFO  testcases.TC_001_LoginTest - ******TC_001_LoginTest started**********
21:06:31.009 [main] INFO  testcases.TC_001_LoginTest - ******TC_001_LoginTest ended**********
21:06:36.996 [main] INFO  testcases.TC_002_LogoutTest - ******TC_001_LogoutTest started**********
21:06:39.799 [main] INFO  testcases.TC_002_LogoutTest - ******TC_001_LogoutTest ended**********
21:06:44.949 [main] INFO  testcases.TC_003_NewCustomerTest - ******TC_001_LogoutTest started**********
21:06:49.289 [main] INFO  testcases.TC_003_NewCustomerTest - ******TC_001_LogoutTest closed**********
21:07:10.276 [main] INFO  testcases.TC_001_LoginTest - ******TC_001_LoginTest started**********
21:07:11.975 [main] INFO  testcases.TC_001_LoginTest - ******TC_001_LoginTest ended**********
21:07:17.410 [main] INFO  testcases.TC_002_LogoutTest - ******TC_001_LogoutTest started**********
21:07:20.261 [main] INFO  testcases.TC_002_LogoutTest - ******TC_001_LogoutTest ended**********
21:07:25.760 [main] INFO  testcases.TC_003_NewCustomerTest - ******TC_001_LogoutTest started**********
21:07:29.074 [main] INFO  testcases.TC_003_NewCustomerTest - ******TC_001_LogoutTest closed**********
21:13:47.063 [main] INFO  testcases.TC_001_LoginTest - ******TC_001_LoginTest started**********
21:13:48.796 [main] INFO  testcases.TC_001_LoginTest - ******TC_001_LoginTest ended**********
21:13:54.924 [main] INFO  testcases.TC_002_LogoutTest - ******TC_001_LogoutTest started**********
21:13:57.039 [main] INFO  testcases.TC_002_LogoutTest - ******TC_001_LogoutTest ended**********
21:14:03.420 [main] INFO  testcases.TC_003_NewCustomerTest - ******TC_001_LogoutTest started**********
21:14:17.342 [main] INFO  testcases.TC_003_NewCustomerTest - ******TC_001_LogoutTest closed**********
21:16:17.222 [main] INFO  testcases.TC_001_LoginTest - ******TC_001_LoginTest started**********
21:16:18.863 [main] INFO  testcases.TC_001_LoginTest - ******TC_001_LoginTest ended**********
21:16:25.000 [main] INFO  testcases.TC_002_LogoutTest - ******TC_001_LogoutTest started**********
21:16:27.634 [main] INFO  testcases.TC_002_LogoutTest - ******TC_001_LogoutTest ended**********
21:16:33.506 [main] INFO  testcases.TC_003_NewCustomerTest - ******TC_001_LogoutTest started**********
21:16:38.994 [main] INFO  testcases.TC_003_NewCustomerTest - ******TC_001_LogoutTest closed**********
